Summary of SPARK analysis
=========================

-------------------------------------------------------------------------------------------------------
SPARK Analysis results        Total       Flow   Interval   CodePeer     Provers   Justified   Unproved
-------------------------------------------------------------------------------------------------------
Data Dependencies                 .          .          .          .           .           .          .
Flow Dependencies                 .          .          .          .           .           .          .
Initialization                    1          1          .          .           .           .          .
Non-Aliasing                      .          .          .          .           .           .          .
Run-time Checks                   6          .          .          .    3 (CVC4)           .          3
Assertions                        1          .          .          .    1 (CVC4)           .          .
Functional Contracts              .          .          .          .           .           .          .
LSP Verification                  .          .          .          .           .           .          .
-------------------------------------------------------------------------------------------------------
Total                             8    1 (13%)          .          .     4 (50%)           .    3 (38%)


Analyzed 2 units
in unit main, 0 subprograms and packages out of 1 analyzed
  Main at main.adb:4 skipped
in unit poly, 2 subprograms and packages out of 2 analyzed
  Poly at poly.ads:1 flow analyzed (0 errors, 0 checks and 0 warnings) and proved (0 checks)
  Poly.Horner at poly.ads:5 flow analyzed (0 errors, 0 checks and 0 warnings) and not proved, 4 checks out of 7 proved
