Summary of SPARK analysis
=========================

-------------------------------------------------------------------------------------------------------
SPARK Analysis results        Total       Flow   Interval   CodePeer     Provers   Justified   Unproved
-------------------------------------------------------------------------------------------------------
Data Dependencies                 .          .          .          .           .           .          .
Flow Dependencies                 .          .          .          .           .           .          .
Initialization                    6          6          .          .           .           .          .
Non-Aliasing                      .          .          .          .           .           .          .
Run-time Checks                   8          .          .          .    8 (CVC4)           .          .
Assertions                        2          .          .          .    2 (CVC4)           .          .
Functional Contracts              1          .          .          .    1 (CVC4)           .          .
LSP Verification                  .          .          .          .           .           .          .
-------------------------------------------------------------------------------------------------------
Total                            17    6 (35%)          .          .    11 (65%)           .          .


Analyzed 2 units
in unit main, 0 subprograms and packages out of 1 analyzed
  Main at main.adb:4 skipped
in unit sfactor, 2 subprograms and packages out of 2 analyzed
  sfactor at sfactor.ads:1 flow analyzed (0 errors, 0 checks and 0 warnings) and proved (0 checks)
  sfactor.Smallest_Factor at sfactor.ads:3 flow analyzed (0 errors, 0 checks and 0 warnings) and proved (11 checks)
