Summary of SPARK analysis
=========================

--------------------------------------------------------------------------------------------------------
SPARK Analysis results        Total       Flow   Interval   CodePeer      Provers   Justified   Unproved
--------------------------------------------------------------------------------------------------------
Data Dependencies                 .          .          .          .            .           .          .
Flow Dependencies                 .          .          .          .            .           .          .
Initialization                    7          7          .          .            .           .          .
Non-Aliasing                      .          .          .          .            .           .          .
Run-time Checks                  15          .          .          .    15 (CVC4)           .          .
Assertions                        4          .          .          .     4 (CVC4)           .          .
Functional Contracts              4          .          .          .     4 (CVC4)           .          .
LSP Verification                  .          .          .          .            .           .          .
--------------------------------------------------------------------------------------------------------
Total                            30    7 (23%)          .          .     23 (77%)           .          .


Analyzed 2 units
in unit main, 0 subprograms and packages out of 1 analyzed
  Main at main.adb:5 skipped
in unit selection, 4 subprograms and packages out of 4 analyzed
  Selection at selection.ads:1 flow analyzed (0 errors, 0 checks and 0 warnings) and proved (0 checks)
  Selection.Min_Index at selection.adb:6 flow analyzed (0 errors, 0 checks and 0 warnings) and proved (8 checks)
  Selection.Sort at selection.ads:11 flow analyzed (0 errors, 0 checks and 0 warnings) and proved (11 checks)
  Selection.Sorted at selection.ads:5 flow analyzed (0 errors, 0 checks and 0 warnings) and proved (4 checks)
